2025-11-30 13:20:01,735 | INFO | ✅ Live Signal Scanner initialized with Strategy V30
2025-11-30 13:20:01,735 | INFO |    Entry Window: 09:30:00 to 15:10:00
2025-11-30 13:20:01,735 | INFO |    EOD Exit: 15:25:00
2025-11-30 13:20:01,735 | INFO | ✅ Live Data Streamer initialized for MOCK mode (FIXED VERSION).
2025-11-30 13:20:01,735 | INFO | ======================================================================
2025-11-30 13:20:01,736 | INFO | 🔥 TRADER-BADDU - PHASE 4: TRUE DATA REPLAY (V30)
2025-11-30 13:20:01,736 | INFO | ======================================================================
2025-11-30 13:20:01,736 | INFO | 
======================================================================
🚀 STARTING TRADING SESSION (MOCK MODE)
======================================================================
2025-11-30 13:20:01,736 | INFO | 🚀 Starting MOCK data streamer with WARMUP...
2025-11-30 13:20:01,737 | INFO | 📂 Loading NIFTY data from: c:\Users\sakth\Desktop\VSCODE\Algo Baddu Trading API\Phase-4\nifty_5min_last_year.csv
2025-11-30 13:20:01,737 | INFO | ✅ Entering main execution loop. Waiting for market data...
2025-11-30 13:20:01,993 | INFO | 📂 Loading OPTIONS data from: c:\Users\sakth\Desktop\VSCODE\Algo Baddu Trading API\Phase-4\atm_daily_options_HYBRID_V3_ULTRA_FIXED.csv
2025-11-30 13:20:02,186 | INFO | 🎯 Replay window: [datetime.date(2025, 11, 18), datetime.date(2025, 11, 19), datetime.date(2025, 11, 20)]
2025-11-30 13:20:02,190 | INFO | 🔥 WARMUP START: 2024-12-02 (ENTIRE CSV HISTORY - Matching Phase 2)
2025-11-30 13:20:02,206 | INFO | ======================================================================
2025-11-30 13:20:02,207 | INFO | 🔄 LOOP 1: WARMUP PHASE (No Callbacks)
2025-11-30 13:20:02,207 | INFO | ======================================================================
2025-11-30 13:20:02,212 | INFO | 📊 Found 17863 NIFTY warmup candles.
2025-11-30 13:20:02,920 | INFO | ✅ NIFTY buffer warmed up with 17863 candles.
2025-11-30 13:20:02,920 | INFO | ⚠️  OPTION warmup SKIPPED (Cold Start to match Phase 2)
2025-11-30 13:20:02,920 | INFO | ✅ STABILITY GATE PASSED: 5000 NIFTY candles ready.
2025-11-30 13:20:02,921 | INFO | ======================================================================
2025-11-30 13:20:02,921 | INFO | 🔄 LOOP 2: LIVE REPLAY PHASE (With Callbacks)
2025-11-30 13:20:02,921 | INFO | ======================================================================
2025-11-30 13:20:02,964 | INFO | ⏳ Daily Candle Gate: Only 1/13 candles today. Blocking early signals.
2025-11-30 13:20:03,001 | INFO | ⏳ Daily Candle Gate: Only 1/13 candles today. Blocking early signals.
2025-11-30 13:20:03,040 | INFO | ⏳ Daily Candle Gate: Only 2/13 candles today. Blocking early signals.
2025-11-30 13:20:03,075 | INFO | ⏳ Daily Candle Gate: Only 2/13 candles today. Blocking early signals.
2025-11-30 13:20:03,117 | INFO | ⏳ Daily Candle Gate: Only 3/13 candles today. Blocking early signals.
2025-11-30 13:20:03,150 | INFO | ⏳ Daily Candle Gate: Only 3/13 candles today. Blocking early signals.
2025-11-30 13:20:03,190 | INFO | ⏳ Daily Candle Gate: Only 4/13 candles today. Blocking early signals.
2025-11-30 13:20:03,223 | INFO | ⏳ Daily Candle Gate: Only 4/13 candles today. Blocking early signals.
2025-11-30 13:20:03,255 | INFO | ⏳ Daily Candle Gate: Only 5/13 candles today. Blocking early signals.
2025-11-30 13:20:03,287 | INFO | ⏳ Daily Candle Gate: Only 5/13 candles today. Blocking early signals.
2025-11-30 13:20:03,325 | INFO | ⏳ Daily Candle Gate: Only 6/13 candles today. Blocking early signals.
2025-11-30 13:20:03,355 | INFO | ⏳ Daily Candle Gate: Only 6/13 candles today. Blocking early signals.
2025-11-30 13:20:03,389 | INFO | ⏳ Daily Candle Gate: Only 7/13 candles today. Blocking early signals.
2025-11-30 13:20:03,421 | INFO | ⏳ Daily Candle Gate: Only 7/13 candles today. Blocking early signals.
2025-11-30 13:20:03,452 | INFO | ⏳ Daily Candle Gate: Only 8/13 candles today. Blocking early signals.
2025-11-30 13:20:03,484 | INFO | ⏳ Daily Candle Gate: Only 8/13 candles today. Blocking early signals.
2025-11-30 13:20:03,520 | INFO | ⏳ Daily Candle Gate: Only 9/13 candles today. Blocking early signals.
2025-11-30 13:20:03,550 | INFO | ⏳ Daily Candle Gate: Only 9/13 candles today. Blocking early signals.
2025-11-30 13:20:03,589 | INFO | ⏳ Daily Candle Gate: Only 10/13 candles today. Blocking early signals.
2025-11-30 13:20:03,630 | INFO | ⏳ Daily Candle Gate: Only 10/13 candles today. Blocking early signals.
2025-11-30 13:20:03,675 | INFO | ⏳ Daily Candle Gate: Only 11/13 candles today. Blocking early signals.
2025-11-30 13:20:03,705 | INFO | ⏳ Daily Candle Gate: Only 11/13 candles today. Blocking early signals.
2025-11-30 13:20:03,738 | INFO | ⏳ Daily Candle Gate: Only 12/13 candles today. Blocking early signals.
2025-11-30 13:20:03,771 | INFO | ⏳ Daily Candle Gate: Only 12/13 candles today. Blocking early signals.
2025-11-30 13:20:04,185 | INFO | 🚨 SIGNAL DETECTED: BUY_PE
2025-11-30 13:20:04,186 | INFO |    Time: 2025-11-18 10:25
2025-11-30 13:20:04,186 | INFO |    NIFTY: 25898.80 | EMA(21): 25937.94
2025-11-30 13:20:04,186 | INFO |    VI+ Prev: 0.8127 → Curr: 0.7875
2025-11-30 13:20:04,187 | INFO |    VI- Prev: 1.1775 → Curr: 1.1865
2025-11-30 13:20:04,187 | INFO |    Gap Prev: -0.3648 → Curr: -0.3990 | Widening: False
2025-11-30 13:20:04,187 | INFO | 🚥 HANDLING SIGNAL: BUY_PE
2025-11-30 13:20:04,187 | INFO | 📡 SIGNAL: BUY_PE @ 10:25:00
2025-11-30 13:20:04,188 | INFO |    Strike: 25950 | LTP: ₹82.75 | NIFTY: 25898.8
2025-11-30 13:20:04,188 | INFO | 📌 SIGNAL QUEUED: BUY_PE at 10:25 - Will execute at T+1
2025-11-30 13:20:04,267 | INFO | ✅ Position Opened: 6407dda4
2025-11-30 13:20:04,267 | INFO |    BUY_PE 25950 @ ₹83.3 | SL: ₹56.63 | TP1: ₹93.3
2025-11-30 13:20:04,267 | INFO | 💼 ENTRY: BUY_PE 25950
2025-11-30 13:20:04,268 | INFO |    Order ID: 6407dda4
2025-11-30 13:20:04,268 | INFO |    Price: ₹83.3 | Qty: 75
2025-11-30 13:20:04,268 | INFO | ✅ ENTRY EXECUTED: BUY_PE @ ₹83.30 | SL: 56.63 | TP1: 93.30 | Slippage: 300s
2025-11-30 13:20:04,345 | INFO | 🎯 TP1 HIT! Order: 6407dda4 | BUY_PE 25950
2025-11-30 13:20:04,345 | INFO | 🔒 Trailing SL Updated: 6407dda4
2025-11-30 13:20:04,346 | INFO |    BUY_PE 25950 | SL: ₹56.63 → ₹96.3
2025-11-30 13:20:04,346 | INFO | 💰 Position Closed: 6407dda4
2025-11-30 13:20:04,346 | INFO |    BUY_PE 25950 | Exit: ₹96.3
2025-11-30 13:20:04,346 | INFO |    Reason: SL Hit | P&L: ₹975.00
2025-11-30 13:20:04,347 | INFO | 💰 EXIT: BUY_PE 25950
2025-11-30 13:20:04,347 | INFO |    Order ID: 6407dda4
2025-11-30 13:20:04,347 | INFO |    Exit Price: ₹96.3 | Reason: SL Hit
2025-11-30 13:20:04,348 | INFO |    P&L: ₹975.00
2025-11-30 13:20:05,709 | INFO | 🚨 SIGNAL DETECTED: BUY_PE
2025-11-30 13:20:05,709 | INFO |    Time: 2025-11-18 11:25
2025-11-30 13:20:05,709 | INFO |    NIFTY: 25924.85 | EMA(21): 25928.11
2025-11-30 13:20:05,710 | INFO |    VI+ Prev: 0.9985 → Curr: 0.9591
2025-11-30 13:20:05,710 | INFO |    VI- Prev: 1.0381 → Curr: 1.0227
2025-11-30 13:20:05,710 | INFO |    Gap Prev: -0.0396 → Curr: -0.0635 | Widening: False
2025-11-30 13:20:05,710 | INFO | 🚥 HANDLING SIGNAL: BUY_PE
2025-11-30 13:20:05,710 | INFO | 📡 SIGNAL: BUY_PE @ 11:25:00
2025-11-30 13:20:05,710 | INFO |    Strike: 25950 | LTP: ₹55.5 | NIFTY: 25924.85
2025-11-30 13:20:05,711 | INFO | 📌 SIGNAL QUEUED: BUY_PE at 11:25 - Will execute at T+1
2025-11-30 13:20:05,781 | INFO | ✅ Position Opened: 69d180b7
2025-11-30 13:20:05,782 | INFO |    BUY_PE 25950 @ ₹56.05 | SL: ₹31.76 | TP1: ₹66.05
2025-11-30 13:20:05,782 | INFO | 💼 ENTRY: BUY_PE 25950
2025-11-30 13:20:05,782 | INFO |    Order ID: 69d180b7
2025-11-30 13:20:05,782 | INFO |    Price: ₹56.05 | Qty: 75
2025-11-30 13:20:05,783 | INFO | ✅ ENTRY EXECUTED: BUY_PE @ ₹56.05 | SL: 31.76 | TP1: 66.05 | Slippage: 300s
2025-11-30 13:20:05,985 | INFO | ❌ Position Closed: 69d180b7
2025-11-30 13:20:05,986 | INFO |    BUY_PE 25950 | Exit: ₹31.76
2025-11-30 13:20:05,986 | INFO |    Reason: SL Hit | P&L: ₹-1,821.75
2025-11-30 13:20:05,986 | INFO | ❌ EXIT: BUY_PE 25950
2025-11-30 13:20:05,986 | INFO |    Order ID: 69d180b7
2025-11-30 13:20:05,987 | INFO |    Exit Price: ₹31.76 | Reason: SL Hit
2025-11-30 13:20:05,987 | INFO |    P&L: ₹-1,821.75
2025-11-30 13:20:06,230 | INFO | 🚨 SIGNAL DETECTED: BUY_CE
2025-11-30 13:20:06,230 | INFO |    Time: 2025-11-18 11:55
2025-11-30 13:20:06,230 | INFO |    NIFTY: 25974.65 | EMA(21): 25943.11
2025-11-30 13:20:06,231 | INFO |    VI+ Prev: 1.2122 → Curr: 1.2327
2025-11-30 13:20:06,231 | INFO |    VI- Prev: 0.7755 → Curr: 0.7598
2025-11-30 13:20:06,231 | INFO |    Gap Prev: 0.4367 → Curr: 0.4729 | Widening: True
2025-11-30 13:20:06,231 | INFO | 🚥 HANDLING SIGNAL: BUY_CE
2025-11-30 13:20:06,232 | INFO | 📡 SIGNAL: BUY_CE @ 11:55:00
2025-11-30 13:20:06,232 | INFO |    Strike: 25950 | LTP: ₹61.35 | NIFTY: 25974.65
2025-11-30 13:20:06,232 | INFO | 📌 SIGNAL QUEUED: BUY_CE at 11:55 - Will execute at T+1
2025-11-30 13:20:06,306 | INFO | ✅ Position Opened: f6bc6497
2025-11-30 13:20:06,306 | INFO |    BUY_CE 25950 @ ₹61.95 | SL: ₹41.49 | TP1: ₹71.95
2025-11-30 13:20:06,306 | INFO | 💼 ENTRY: BUY_CE 25950
2025-11-30 13:20:06,306 | INFO |    Order ID: f6bc6497
2025-11-30 13:20:06,307 | INFO |    Price: ₹61.95 | Qty: 75
2025-11-30 13:20:06,307 | INFO | ✅ ENTRY EXECUTED: BUY_CE @ ₹61.95 | SL: 41.49 | TP1: 71.95 | Slippage: 300s
2025-11-30 13:20:06,573 | INFO | ❌ Position Closed: f6bc6497
2025-11-30 13:20:06,573 | INFO |    BUY_CE 25950 | Exit: ₹41.49
2025-11-30 13:20:06,574 | INFO |    Reason: SL Hit | P&L: ₹-1,534.50
2025-11-30 13:20:06,574 | INFO | ❌ EXIT: BUY_CE 25950
2025-11-30 13:20:06,574 | INFO |    Order ID: f6bc6497
2025-11-30 13:20:06,574 | INFO |    Exit Price: ₹41.49 | Reason: SL Hit
2025-11-30 13:20:06,575 | INFO |    P&L: ₹-1,534.50
2025-11-30 13:20:07,821 | INFO | 🚨 SIGNAL DETECTED: BUY_CE
2025-11-30 13:20:07,822 | INFO |    Time: 2025-11-18 13:10
2025-11-30 13:20:07,822 | INFO |    NIFTY: 25953.50 | EMA(21): 25949.14
2025-11-30 13:20:07,822 | INFO |    VI+ Prev: 1.0435 → Curr: 1.0986
2025-11-30 13:20:07,822 | INFO |    VI- Prev: 0.9496 → Curr: 0.9288
2025-11-30 13:20:07,823 | INFO |    Gap Prev: 0.0939 → Curr: 0.1698 | Widening: True
2025-11-30 13:20:07,823 | INFO | 🚥 HANDLING SIGNAL: BUY_CE
2025-11-30 13:20:07,823 | INFO | 📡 SIGNAL: BUY_CE @ 13:10:00
2025-11-30 13:20:07,823 | INFO |    Strike: 25950 | LTP: ₹35.1 | NIFTY: 25953.5
2025-11-30 13:20:07,823 | INFO | 📌 SIGNAL QUEUED: BUY_CE at 13:10 - Will execute at T+1
2025-11-30 13:20:07,899 | INFO | ✅ Position Opened: f8a424a0
2025-11-30 13:20:07,900 | INFO |    BUY_CE 25950 @ ₹35.6 | SL: ₹15.74 | TP1: ₹45.6
2025-11-30 13:20:07,900 | INFO | 💼 ENTRY: BUY_CE 25950
2025-11-30 13:20:07,900 | INFO |    Order ID: f8a424a0
2025-11-30 13:20:07,900 | INFO |    Price: ₹35.6 | Qty: 75
2025-11-30 13:20:07,901 | INFO | ✅ ENTRY EXECUTED: BUY_CE @ ₹35.60 | SL: 15.74 | TP1: 45.60 | Slippage: 300s
2025-11-30 13:20:07,971 | INFO | 🎯 TP1 HIT! Order: f8a424a0 | BUY_CE 25950
2025-11-30 13:20:07,971 | INFO | 🔒 Trailing SL Updated: f8a424a0
2025-11-30 13:20:07,972 | INFO |    BUY_CE 25950 | SL: ₹15.74 → ₹48.6
2025-11-30 13:20:07,972 | INFO | 💰 Position Closed: f8a424a0
2025-11-30 13:20:07,972 | INFO |    BUY_CE 25950 | Exit: ₹48.6
2025-11-30 13:20:07,972 | INFO |    Reason: SL Hit | P&L: ₹975.00
2025-11-30 13:20:07,972 | INFO | 💰 EXIT: BUY_CE 25950
2025-11-30 13:20:07,973 | INFO |    Order ID: f8a424a0
2025-11-30 13:20:07,973 | INFO |    Exit Price: ₹48.6 | Reason: SL Hit
2025-11-30 13:20:07,973 | INFO |    P&L: ₹975.00
2025-11-30 13:20:08,337 | INFO | 🚨 SIGNAL DETECTED: BUY_CE
2025-11-30 13:20:08,337 | INFO |    Time: 2025-11-18 13:35
2025-11-30 13:20:08,338 | INFO |    NIFTY: 25985.85 | EMA(21): 25958.80
2025-11-30 13:20:08,338 | INFO |    VI+ Prev: 1.0515 → Curr: 1.0412
2025-11-30 13:20:08,338 | INFO |    VI- Prev: 0.9989 → Curr: 0.9806
2025-11-30 13:20:08,338 | INFO |    Gap Prev: 0.0526 → Curr: 0.0606 | Widening: True
2025-11-30 13:20:08,339 | INFO | 🚥 HANDLING SIGNAL: BUY_CE
2025-11-30 13:20:08,339 | INFO | 📡 SIGNAL: BUY_CE @ 13:35:00
2025-11-30 13:20:08,339 | INFO |    Strike: 25950 | LTP: ₹52.75 | NIFTY: 25985.85
2025-11-30 13:20:08,340 | INFO | 📌 SIGNAL QUEUED: BUY_CE at 13:35 - Will execute at T+1
2025-11-30 13:20:08,408 | INFO | ✅ Position Opened: 178858bd
2025-11-30 13:20:08,408 | INFO |    BUY_CE 25950 @ ₹53.4 | SL: ₹32.62 | TP1: ₹63.4
2025-11-30 13:20:08,409 | INFO | 💼 ENTRY: BUY_CE 25950
2025-11-30 13:20:08,409 | INFO |    Order ID: 178858bd
2025-11-30 13:20:08,409 | INFO |    Price: ₹53.4 | Qty: 75
2025-11-30 13:20:08,409 | INFO | ✅ ENTRY EXECUTED: BUY_CE @ ₹53.40 | SL: 32.62 | TP1: 63.40 | Slippage: 300s
2025-11-30 13:20:08,751 | INFO | 🎯 TP1 HIT! Order: 178858bd | BUY_CE 25950
2025-11-30 13:20:08,752 | INFO | 🔒 Trailing SL Updated: 178858bd
2025-11-30 13:20:08,752 | INFO |    BUY_CE 25950 | SL: ₹32.62 → ₹66.4
2025-11-30 13:20:08,753 | INFO | 💰 Position Closed: 178858bd
2025-11-30 13:20:08,753 | INFO |    BUY_CE 25950 | Exit: ₹66.4
2025-11-30 13:20:08,753 | INFO |    Reason: SL Hit | P&L: ₹975.00
2025-11-30 13:20:08,753 | INFO | 💰 EXIT: BUY_CE 25950
2025-11-30 13:20:08,753 | INFO |    Order ID: 178858bd
2025-11-30 13:20:08,754 | INFO |    Exit Price: ₹66.4 | Reason: SL Hit
2025-11-30 13:20:08,754 | INFO |    P&L: ₹975.00
2025-11-30 13:20:09,141 | INFO | 🚨 SIGNAL DETECTED: BUY_CE
2025-11-30 13:20:09,142 | INFO |    Time: 2025-11-18 14:20
2025-11-30 13:20:09,142 | INFO |    NIFTY: 25979.85 | EMA(21): 25969.94
2025-11-30 13:20:09,142 | INFO |    VI+ Prev: 1.0820 → Curr: 1.1212
2025-11-30 13:20:09,142 | INFO |    VI- Prev: 0.8860 → Curr: 0.8843
2025-11-30 13:20:09,142 | INFO |    Gap Prev: 0.1960 → Curr: 0.2369 | Widening: True
2025-11-30 13:20:09,143 | INFO | 🚥 HANDLING SIGNAL: BUY_CE
2025-11-30 13:20:09,143 | INFO | 📡 SIGNAL: BUY_CE @ 14:20:00
2025-11-30 13:20:09,143 | INFO |    Strike: 25950 | LTP: ₹38.35 | NIFTY: 25979.85
2025-11-30 13:20:09,143 | INFO | 📌 SIGNAL QUEUED: BUY_CE at 14:20 - Will execute at T+1
2025-11-30 13:20:09,214 | INFO | ✅ Position Opened: 1205ad7f
2025-11-30 13:20:09,215 | INFO |    BUY_CE 25950 @ ₹38.75 | SL: ₹12.08 | TP1: ₹48.75
2025-11-30 13:20:09,215 | INFO | 💼 ENTRY: BUY_CE 25950
2025-11-30 13:20:09,215 | INFO |    Order ID: 1205ad7f
2025-11-30 13:20:09,216 | INFO |    Price: ₹38.75 | Qty: 75
2025-11-30 13:20:09,216 | INFO | ✅ ENTRY EXECUTED: BUY_CE @ ₹38.75 | SL: 12.08 | TP1: 48.75 | Slippage: 300s
2025-11-30 13:20:09,489 | INFO | ❌ Position Closed: 1205ad7f
2025-11-30 13:20:09,489 | INFO |    BUY_CE 25950 | Exit: ₹12.08
2025-11-30 13:20:09,490 | INFO |    Reason: SL Hit | P&L: ₹-2,000.25
2025-11-30 13:20:09,490 | INFO | ❌ EXIT: BUY_CE 25950
2025-11-30 13:20:09,490 | INFO |    Order ID: 1205ad7f
2025-11-30 13:20:09,490 | INFO |    Exit Price: ₹12.08 | Reason: SL Hit
2025-11-30 13:20:09,490 | INFO |    P&L: ₹-2,000.25
2025-11-30 13:20:09,613 | INFO | 🚨 SIGNAL DETECTED: BUY_PE
2025-11-30 13:20:09,613 | INFO |    Time: 2025-11-18 14:50
2025-11-30 13:20:09,613 | INFO |    NIFTY: 25939.95 | EMA(21): 25963.86
2025-11-30 13:20:09,614 | INFO |    VI+ Prev: 1.0090 → Curr: 0.9453
2025-11-30 13:20:09,614 | INFO |    VI- Prev: 1.0056 → Curr: 1.0281
2025-11-30 13:20:09,614 | INFO |    Gap Prev: 0.0035 → Curr: -0.0827 | Widening: False
2025-11-30 13:20:09,614 | INFO | 🚥 HANDLING SIGNAL: BUY_PE
2025-11-30 13:20:09,614 | INFO | 📡 SIGNAL: BUY_PE @ 14:50:00
2025-11-30 13:20:09,615 | INFO |    Strike: 25950 | LTP: ₹19.75 | NIFTY: 25939.95
2025-11-30 13:20:09,615 | INFO | 📌 SIGNAL QUEUED: BUY_PE at 14:50 - Will execute at T+1
2025-11-30 13:20:09,689 | INFO | ✅ Position Opened: abeda9c5
2025-11-30 13:20:09,689 | INFO |    BUY_PE 25950 @ ₹20.25 | SL: ₹6.4 | TP1: ₹30.25
2025-11-30 13:20:09,689 | INFO | 💼 ENTRY: BUY_PE 25950
2025-11-30 13:20:09,689 | INFO |    Order ID: abeda9c5
2025-11-30 13:20:09,690 | INFO |    Price: ₹20.25 | Qty: 75
2025-11-30 13:20:09,690 | INFO | ✅ ENTRY EXECUTED: BUY_PE @ ₹20.25 | SL: 6.40 | TP1: 30.25 | Slippage: 300s
2025-11-30 13:20:09,756 | INFO | 🎯 TP1 HIT! Order: abeda9c5 | BUY_PE 25950
2025-11-30 13:20:09,756 | INFO | 🔒 Trailing SL Updated: abeda9c5
2025-11-30 13:20:09,756 | INFO |    BUY_PE 25950 | SL: ₹6.4 → ₹33.25
2025-11-30 13:20:09,756 | INFO | 💰 Position Closed: abeda9c5
2025-11-30 13:20:09,756 | INFO |    BUY_PE 25950 | Exit: ₹33.25
2025-11-30 13:20:09,757 | INFO |    Reason: SL Hit | P&L: ₹975.00
2025-11-30 13:20:09,757 | INFO | 💰 EXIT: BUY_PE 25950
2025-11-30 13:20:09,757 | INFO |    Order ID: abeda9c5
2025-11-30 13:20:09,758 | INFO |    Exit Price: ₹33.25 | Reason: SL Hit
2025-11-30 13:20:09,758 | INFO |    P&L: ₹975.00
2025-11-30 13:20:09,878 | INFO | 🚨 SIGNAL DETECTED: BUY_PE
2025-11-30 13:20:09,879 | INFO |    Time: 2025-11-18 15:05
2025-11-30 13:20:09,879 | INFO |    NIFTY: 25905.40 | EMA(21): 25953.57
2025-11-30 13:20:09,879 | INFO |    VI+ Prev: 0.9003 → Curr: 0.8192
2025-11-30 13:20:09,880 | INFO |    VI- Prev: 1.0757 → Curr: 1.1260
2025-11-30 13:20:09,880 | INFO |    Gap Prev: -0.1753 → Curr: -0.3069 | Widening: False
2025-11-30 13:20:09,880 | INFO | 🚥 HANDLING SIGNAL: BUY_PE
2025-11-30 13:20:09,881 | INFO | 📡 SIGNAL: BUY_PE @ 15:05:00
2025-11-30 13:20:09,881 | INFO |    Strike: 25950 | LTP: ₹33.85 | NIFTY: 25905.4
2025-11-30 13:20:09,881 | INFO | 📌 SIGNAL QUEUED: BUY_PE at 15:05 - Will execute at T+1
2025-11-30 13:20:09,949 | INFO | ✅ Position Opened: 9874086d
2025-11-30 13:20:09,950 | INFO |    BUY_PE 25950 @ ₹34.5 | SL: ₹14.91 | TP1: ₹44.5
2025-11-30 13:20:09,950 | INFO | 💼 ENTRY: BUY_PE 25950
2025-11-30 13:20:09,950 | INFO |    Order ID: 9874086d
2025-11-30 13:20:09,951 | INFO |    Price: ₹34.5 | Qty: 75
2025-11-30 13:20:09,951 | INFO | ✅ ENTRY EXECUTED: BUY_PE @ ₹34.50 | SL: 14.91 | TP1: 44.50 | Slippage: 300s
2025-11-30 13:20:10,152 | INFO | 💰 Position Closed: 9874086d
2025-11-30 13:20:10,152 | INFO |    BUY_PE 25950 | Exit: ₹39.95
2025-11-30 13:20:10,152 | INFO |    Reason: EOD Exit | P&L: ₹408.75
2025-11-30 13:20:10,152 | INFO | 💰 EXIT: BUY_PE 25950
2025-11-30 13:20:10,153 | INFO |    Order ID: 9874086d
2025-11-30 13:20:10,153 | INFO |    Exit Price: ₹39.95 | Reason: EOD Exit
2025-11-30 13:20:10,153 | INFO |    P&L: ₹408.75
2025-11-30 13:20:10,156 | INFO | 🌅 NEW DAY DETECTED: 2025-11-19. Resetting Option Buffers (Cold Start).
2025-11-30 13:20:10,156 | INFO | 🧹 Option buffers cleared for new day (Cold Start).
2025-11-30 13:20:10,189 | INFO | ⏳ Daily Candle Gate: Only 1/13 candles today. Blocking early signals.
2025-11-30 13:20:10,224 | INFO | ⏳ Daily Candle Gate: Only 1/13 candles today. Blocking early signals.
2025-11-30 13:20:10,259 | INFO | ⏳ Daily Candle Gate: Only 2/13 candles today. Blocking early signals.
2025-11-30 13:20:10,286 | INFO | ⏳ Daily Candle Gate: Only 2/13 candles today. Blocking early signals.
2025-11-30 13:20:10,319 | INFO | ⏳ Daily Candle Gate: Only 3/13 candles today. Blocking early signals.
2025-11-30 13:20:10,351 | INFO | ⏳ Daily Candle Gate: Only 3/13 candles today. Blocking early signals.
2025-11-30 13:20:10,387 | INFO | ⏳ Daily Candle Gate: Only 4/13 candles today. Blocking early signals.
2025-11-30 13:20:10,416 | INFO | ⏳ Daily Candle Gate: Only 4/13 candles today. Blocking early signals.
2025-11-30 13:20:10,449 | INFO | ⏳ Daily Candle Gate: Only 5/13 candles today. Blocking early signals.
2025-11-30 13:20:10,481 | INFO | ⏳ Daily Candle Gate: Only 5/13 candles today. Blocking early signals.
2025-11-30 13:20:10,515 | INFO | ⏳ Daily Candle Gate: Only 6/13 candles today. Blocking early signals.
2025-11-30 13:20:10,544 | INFO | ⏳ Daily Candle Gate: Only 6/13 candles today. Blocking early signals.
2025-11-30 13:20:10,577 | INFO | ⏳ Daily Candle Gate: Only 7/13 candles today. Blocking early signals.
2025-11-30 13:20:10,607 | INFO | ⏳ Daily Candle Gate: Only 7/13 candles today. Blocking early signals.
2025-11-30 13:20:10,641 | INFO | ⏳ Daily Candle Gate: Only 8/13 candles today. Blocking early signals.
2025-11-30 13:20:10,670 | INFO | ⏳ Daily Candle Gate: Only 8/13 candles today. Blocking early signals.
2025-11-30 13:20:10,702 | INFO | ⏳ Daily Candle Gate: Only 9/13 candles today. Blocking early signals.
2025-11-30 13:20:10,733 | INFO | ⏳ Daily Candle Gate: Only 9/13 candles today. Blocking early signals.
2025-11-30 13:20:10,765 | INFO | ⏳ Daily Candle Gate: Only 10/13 candles today. Blocking early signals.
2025-11-30 13:20:10,803 | INFO | ⏳ Daily Candle Gate: Only 10/13 candles today. Blocking early signals.
2025-11-30 13:20:10,840 | INFO | ⏳ Daily Candle Gate: Only 11/13 candles today. Blocking early signals.
2025-11-30 13:20:10,869 | INFO | ⏳ Daily Candle Gate: Only 11/13 candles today. Blocking early signals.
2025-11-30 13:20:10,902 | INFO | ⏳ Daily Candle Gate: Only 12/13 candles today. Blocking early signals.
2025-11-30 13:20:10,931 | INFO | ⏳ Daily Candle Gate: Only 12/13 candles today. Blocking early signals.
2025-11-30 13:20:11,049 | INFO | 🚨 SIGNAL DETECTED: BUY_CE
2025-11-30 13:20:11,049 | INFO |    Time: 2025-11-19 10:15
2025-11-30 13:20:11,049 | INFO |    NIFTY: 25965.80 | EMA(21): 25925.73
2025-11-30 13:20:11,049 | INFO |    VI+ Prev: 0.9456 → Curr: 1.0087
2025-11-30 13:20:11,050 | INFO |    VI- Prev: 1.0327 → Curr: 0.9844
2025-11-30 13:20:11,050 | INFO |    Gap Prev: -0.0871 → Curr: 0.0242 | Widening: True
2025-11-30 13:20:11,050 | INFO | 🚥 HANDLING SIGNAL: BUY_CE
2025-11-30 13:20:11,050 | INFO | 📡 SIGNAL: BUY_CE @ 10:15:00
2025-11-30 13:20:11,051 | INFO |    Strike: 25850 | LTP: ₹230.0 | NIFTY: 25965.8
2025-11-30 13:20:11,051 | INFO | 📌 SIGNAL QUEUED: BUY_CE at 10:15 - Will execute at T+1
2025-11-30 13:20:11,123 | INFO | ✅ Position Opened: 314ed0ab
2025-11-30 13:20:11,123 | INFO |    BUY_CE 25850 @ ₹230.8 | SL: ₹204.13 | TP1: ₹240.8
2025-11-30 13:20:11,123 | INFO | 💼 ENTRY: BUY_CE 25850
2025-11-30 13:20:11,124 | INFO |    Order ID: 314ed0ab
2025-11-30 13:20:11,124 | INFO |    Price: ₹230.8 | Qty: 75
2025-11-30 13:20:11,124 | INFO | ✅ ENTRY EXECUTED: BUY_CE @ ₹230.80 | SL: 204.13 | TP1: 240.80 | Slippage: 300s
2025-11-30 13:20:11,734 | INFO | ❌ Position Closed: 314ed0ab
2025-11-30 13:20:11,734 | INFO |    BUY_CE 25850 | Exit: ₹204.13
2025-11-30 13:20:11,734 | INFO |    Reason: SL Hit | P&L: ₹-2,000.25
2025-11-30 13:20:11,734 | INFO | ❌ EXIT: BUY_CE 25850
2025-11-30 13:20:11,735 | INFO |    Order ID: 314ed0ab
2025-11-30 13:20:11,735 | INFO |    Exit Price: ₹204.13 | Reason: SL Hit
2025-11-30 13:20:11,735 | INFO |    P&L: ₹-2,000.25
2025-11-30 13:20:12,358 | INFO | 🚨 SIGNAL DETECTED: BUY_CE
2025-11-30 13:20:12,359 | INFO |    Time: 2025-11-19 11:30
2025-11-30 13:20:12,359 | INFO |    NIFTY: 25949.90 | EMA(21): 25943.14
2025-11-30 13:20:12,359 | INFO |    VI+ Prev: 1.1079 → Curr: 1.1706
2025-11-30 13:20:12,359 | INFO |    VI- Prev: 0.8928 → Curr: 0.8758
2025-11-30 13:20:12,359 | INFO |    Gap Prev: 0.2151 → Curr: 0.2948 | Widening: True
2025-11-30 13:20:12,359 | INFO | 🚥 HANDLING SIGNAL: BUY_CE
2025-11-30 13:20:12,360 | INFO | 📡 SIGNAL: BUY_CE @ 11:30:00
2025-11-30 13:20:12,360 | INFO |    Strike: 25850 | LTP: ₹212.55 | NIFTY: 25949.9
2025-11-30 13:20:12,360 | INFO | 📌 SIGNAL QUEUED: BUY_CE at 11:30 - Will execute at T+1
2025-11-30 13:20:12,426 | INFO | ✅ Position Opened: 31519b96
2025-11-30 13:20:12,426 | INFO |    BUY_CE 25850 @ ₹213.5 | SL: ₹189.67 | TP1: ₹223.5
2025-11-30 13:20:12,427 | INFO | 💼 ENTRY: BUY_CE 25850
2025-11-30 13:20:12,427 | INFO |    Order ID: 31519b96
2025-11-30 13:20:12,427 | INFO |    Price: ₹213.5 | Qty: 75
2025-11-30 13:20:12,427 | INFO | ✅ ENTRY EXECUTED: BUY_CE @ ₹213.50 | SL: 189.67 | TP1: 223.50 | Slippage: 300s
2025-11-30 13:20:12,491 | INFO | 🎯 TP1 HIT! Order: 31519b96 | BUY_CE 25850
2025-11-30 13:20:12,492 | INFO | 🔒 Trailing SL Updated: 31519b96
2025-11-30 13:20:12,492 | INFO |    BUY_CE 25850 | SL: ₹189.67 → ₹226.5
2025-11-30 13:20:13,823 | INFO | 💰 Position Closed: 31519b96
2025-11-30 13:20:13,823 | INFO |    BUY_CE 25850 | Exit: ₹270.45
2025-11-30 13:20:13,824 | INFO |    Reason: MACD/EMA Exit | P&L: ₹4,271.25
2025-11-30 13:20:13,824 | INFO | 💰 EXIT: BUY_CE 25850
2025-11-30 13:20:13,824 | INFO |    Order ID: 31519b96
2025-11-30 13:20:13,825 | INFO |    Exit Price: ₹270.45 | Reason: MACD/EMA Exit
2025-11-30 13:20:13,825 | INFO |    P&L: ₹4,271.25
2025-11-30 13:20:14,799 | INFO | 🚨 SIGNAL DETECTED: BUY_CE
2025-11-30 13:20:14,799 | INFO |    Time: 2025-11-19 13:55
2025-11-30 13:20:14,800 | INFO |    NIFTY: 26006.85 | EMA(21): 26005.21
2025-11-30 13:20:14,800 | INFO |    VI+ Prev: 1.0758 → Curr: 1.0636
2025-11-30 13:20:14,800 | INFO |    VI- Prev: 0.9428 → Curr: 0.9219
2025-11-30 13:20:14,800 | INFO |    Gap Prev: 0.1329 → Curr: 0.1418 | Widening: True
2025-11-30 13:20:14,800 | INFO | 🚥 HANDLING SIGNAL: BUY_CE
2025-11-30 13:20:14,801 | INFO | 📡 SIGNAL: BUY_CE @ 13:55:00
2025-11-30 13:20:14,801 | INFO |    Strike: 25850 | LTP: ₹265.9 | NIFTY: 26006.85
2025-11-30 13:20:14,801 | INFO | 📌 SIGNAL QUEUED: BUY_CE at 13:55 - Will execute at T+1
2025-11-30 13:20:14,869 | INFO | ✅ Position Opened: 6ae297da
2025-11-30 13:20:14,869 | INFO |    BUY_CE 25850 @ ₹265.65 | SL: ₹240.69 | TP1: ₹275.65
2025-11-30 13:20:14,869 | INFO | 💼 ENTRY: BUY_CE 25850
2025-11-30 13:20:14,870 | INFO |    Order ID: 6ae297da
2025-11-30 13:20:14,870 | INFO |    Price: ₹265.65 | Qty: 75
2025-11-30 13:20:14,870 | INFO | ✅ ENTRY EXECUTED: BUY_CE @ ₹265.65 | SL: 240.69 | TP1: 275.65 | Slippage: 300s
2025-11-30 13:20:14,939 | INFO | 🎯 TP1 HIT! Order: 6ae297da | BUY_CE 25850
2025-11-30 13:20:14,940 | INFO | 🔒 Trailing SL Updated: 6ae297da
2025-11-30 13:20:14,940 | INFO |    BUY_CE 25850 | SL: ₹240.69 → ₹278.65
2025-11-30 13:20:14,941 | INFO | 💰 Position Closed: 6ae297da
2025-11-30 13:20:14,941 | INFO |    BUY_CE 25850 | Exit: ₹278.65
2025-11-30 13:20:14,941 | INFO |    Reason: SL Hit | P&L: ₹975.00
2025-11-30 13:20:14,941 | INFO | 💰 EXIT: BUY_CE 25850
2025-11-30 13:20:14,941 | INFO |    Order ID: 6ae297da
2025-11-30 13:20:14,942 | INFO |    Exit Price: ₹278.65 | Reason: SL Hit
2025-11-30 13:20:14,942 | INFO |    P&L: ₹975.00
2025-11-30 13:20:15,182 | INFO | 🚨 SIGNAL DETECTED: BUY_CE
2025-11-30 13:20:15,182 | INFO |    Time: 2025-11-19 14:15
2025-11-30 13:20:15,183 | INFO |    NIFTY: 26044.65 | EMA(21): 26012.38
2025-11-30 13:20:15,183 | INFO |    VI+ Prev: 1.0155 → Curr: 1.0700
2025-11-30 13:20:15,183 | INFO |    VI- Prev: 0.9416 → Curr: 0.9426
2025-11-30 13:20:15,183 | INFO |    Gap Prev: 0.0739 → Curr: 0.1274 | Widening: True
2025-11-30 13:20:15,183 | INFO | 🚥 HANDLING SIGNAL: BUY_CE
2025-11-30 13:20:15,183 | INFO | 📡 SIGNAL: BUY_CE @ 14:15:00
2025-11-30 13:20:15,183 | INFO |    Strike: 25850 | LTP: ₹289.6 | NIFTY: 26044.65
2025-11-30 13:20:15,184 | INFO | 📌 SIGNAL QUEUED: BUY_CE at 14:15 - Will execute at T+1
2025-11-30 13:20:15,252 | INFO | ✅ Position Opened: e39b87c5
2025-11-30 13:20:15,253 | INFO |    BUY_CE 25850 @ ₹289.6 | SL: ₹266.06 | TP1: ₹299.6
2025-11-30 13:20:15,253 | INFO | 💼 ENTRY: BUY_CE 25850
2025-11-30 13:20:15,254 | INFO |    Order ID: e39b87c5
2025-11-30 13:20:15,254 | INFO |    Price: ₹289.6 | Qty: 75
2025-11-30 13:20:15,254 | INFO | ✅ ENTRY EXECUTED: BUY_CE @ ₹289.60 | SL: 266.06 | TP1: 299.60 | Slippage: 300s
2025-11-30 13:20:15,534 | INFO | 🎯 TP1 HIT! Order: e39b87c5 | BUY_CE 25850
2025-11-30 13:20:15,534 | INFO | 🔒 Trailing SL Updated: e39b87c5
2025-11-30 13:20:15,534 | INFO |    BUY_CE 25850 | SL: ₹266.06 → ₹302.6
2025-11-30 13:20:15,534 | INFO | 💰 Position Closed: e39b87c5
2025-11-30 13:20:15,534 | INFO |    BUY_CE 25850 | Exit: ₹302.6
2025-11-30 13:20:15,534 | INFO |    Reason: SL Hit | P&L: ₹975.00
2025-11-30 13:20:15,535 | INFO | 💰 EXIT: BUY_CE 25850
2025-11-30 13:20:15,535 | INFO |    Order ID: e39b87c5
2025-11-30 13:20:15,535 | INFO |    Exit Price: ₹302.6 | Reason: SL Hit
2025-11-30 13:20:15,535 | INFO |    P&L: ₹975.00
2025-11-30 13:20:15,904 | INFO | 🚨 SIGNAL DETECTED: BUY_CE
2025-11-30 13:20:15,904 | INFO |    Time: 2025-11-19 14:55
2025-11-30 13:20:15,904 | INFO |    NIFTY: 26054.85 | EMA(21): 26034.21
2025-11-30 13:20:15,905 | INFO |    VI+ Prev: 1.1481 → Curr: 1.1281
2025-11-30 13:20:15,905 | INFO |    VI- Prev: 0.8975 → Curr: 0.8688
2025-11-30 13:20:15,905 | INFO |    Gap Prev: 0.2506 → Curr: 0.2593 | Widening: True
2025-11-30 13:20:15,905 | INFO | 🚥 HANDLING SIGNAL: BUY_CE
2025-11-30 13:20:15,905 | INFO | 📡 SIGNAL: BUY_CE @ 14:55:00
2025-11-30 13:20:15,906 | INFO |    Strike: 25850 | LTP: ₹289.0 | NIFTY: 26054.85
2025-11-30 13:20:15,906 | INFO | 📌 SIGNAL QUEUED: BUY_CE at 14:55 - Will execute at T+1
2025-11-30 13:20:15,972 | INFO | ✅ Position Opened: 4c294880
2025-11-30 13:20:15,973 | INFO |    BUY_CE 25850 @ ₹290.5 | SL: ₹267.4 | TP1: ₹300.5
2025-11-30 13:20:15,973 | INFO | 💼 ENTRY: BUY_CE 25850
2025-11-30 13:20:15,973 | INFO |    Order ID: 4c294880
2025-11-30 13:20:15,973 | INFO |    Price: ₹290.5 | Qty: 75
2025-11-30 13:20:15,973 | INFO | ✅ ENTRY EXECUTED: BUY_CE @ ₹290.50 | SL: 267.40 | TP1: 300.50 | Slippage: 300s
2025-11-30 13:20:16,319 | INFO | ❌ Position Closed: 4c294880
2025-11-30 13:20:16,319 | INFO |    BUY_CE 25850 | Exit: ₹287.7
2025-11-30 13:20:16,320 | INFO |    Reason: EOD Exit | P&L: ₹-210.00
2025-11-30 13:20:16,320 | INFO | ❌ EXIT: BUY_CE 25850
2025-11-30 13:20:16,320 | INFO |    Order ID: 4c294880
2025-11-30 13:20:16,320 | INFO |    Exit Price: ₹287.7 | Reason: EOD Exit
2025-11-30 13:20:16,320 | INFO |    P&L: ₹-210.00
2025-11-30 13:20:16,322 | INFO | 🌅 NEW DAY DETECTED: 2025-11-20. Resetting Option Buffers (Cold Start).
2025-11-30 13:20:16,323 | INFO | 🧹 Option buffers cleared for new day (Cold Start).
2025-11-30 13:20:16,353 | INFO | ⏳ Daily Candle Gate: Only 1/13 candles today. Blocking early signals.
2025-11-30 13:20:16,383 | INFO | ⏳ Daily Candle Gate: Only 1/13 candles today. Blocking early signals.
2025-11-30 13:20:16,416 | INFO | ⏳ Daily Candle Gate: Only 2/13 candles today. Blocking early signals.
2025-11-30 13:20:16,444 | INFO | ⏳ Daily Candle Gate: Only 2/13 candles today. Blocking early signals.
2025-11-30 13:20:16,477 | INFO | ⏳ Daily Candle Gate: Only 3/13 candles today. Blocking early signals.
2025-11-30 13:20:16,509 | INFO | ⏳ Daily Candle Gate: Only 3/13 candles today. Blocking early signals.
2025-11-30 13:20:16,540 | INFO | ⏳ Daily Candle Gate: Only 4/13 candles today. Blocking early signals.
2025-11-30 13:20:16,572 | INFO | ⏳ Daily Candle Gate: Only 4/13 candles today. Blocking early signals.
2025-11-30 13:20:16,613 | INFO | ⏳ Daily Candle Gate: Only 5/13 candles today. Blocking early signals.
2025-11-30 13:20:16,649 | INFO | ⏳ Daily Candle Gate: Only 5/13 candles today. Blocking early signals.
2025-11-30 13:20:16,685 | INFO | ⏳ Daily Candle Gate: Only 6/13 candles today. Blocking early signals.
2025-11-30 13:20:16,713 | INFO | ⏳ Daily Candle Gate: Only 6/13 candles today. Blocking early signals.
2025-11-30 13:20:16,745 | INFO | ⏳ Daily Candle Gate: Only 7/13 candles today. Blocking early signals.
2025-11-30 13:20:16,774 | INFO | ⏳ Daily Candle Gate: Only 7/13 candles today. Blocking early signals.
2025-11-30 13:20:16,806 | INFO | ⏳ Daily Candle Gate: Only 8/13 candles today. Blocking early signals.
2025-11-30 13:20:16,835 | INFO | ⏳ Daily Candle Gate: Only 8/13 candles today. Blocking early signals.
2025-11-30 13:20:16,867 | INFO | ⏳ Daily Candle Gate: Only 9/13 candles today. Blocking early signals.
2025-11-30 13:20:16,897 | INFO | ⏳ Daily Candle Gate: Only 9/13 candles today. Blocking early signals.
2025-11-30 13:20:16,928 | INFO | ⏳ Daily Candle Gate: Only 10/13 candles today. Blocking early signals.
2025-11-30 13:20:16,956 | INFO | ⏳ Daily Candle Gate: Only 10/13 candles today. Blocking early signals.
2025-11-30 13:20:16,989 | INFO | ⏳ Daily Candle Gate: Only 11/13 candles today. Blocking early signals.
2025-11-30 13:20:17,019 | INFO | ⏳ Daily Candle Gate: Only 11/13 candles today. Blocking early signals.
2025-11-30 13:20:17,054 | INFO | ⏳ Daily Candle Gate: Only 12/13 candles today. Blocking early signals.
2025-11-30 13:20:17,082 | INFO | ⏳ Daily Candle Gate: Only 12/13 candles today. Blocking early signals.
2025-11-30 13:20:17,203 | INFO | 🚨 SIGNAL DETECTED: BUY_CE
2025-11-30 13:20:17,204 | INFO |    Time: 2025-11-20 10:15
2025-11-30 13:20:17,204 | INFO |    NIFTY: 26103.50 | EMA(21): 26079.01
2025-11-30 13:20:17,205 | INFO |    VI+ Prev: 1.0298 → Curr: 1.0225
2025-11-30 13:20:17,205 | INFO |    VI- Prev: 0.9957 → Curr: 0.9616
2025-11-30 13:20:17,205 | INFO |    Gap Prev: 0.0340 → Curr: 0.0609 | Widening: True
2025-11-30 13:20:17,205 | INFO | 🚥 HANDLING SIGNAL: BUY_CE
2025-11-30 13:20:17,205 | INFO | 📡 SIGNAL: BUY_CE @ 10:15:00
2025-11-30 13:20:17,206 | INFO |    Strike: 26100 | LTP: ₹146.1 | NIFTY: 26103.5
2025-11-30 13:20:17,206 | INFO | 📌 SIGNAL QUEUED: BUY_CE at 10:15 - Will execute at T+1
2025-11-30 13:20:17,277 | INFO | ✅ Position Opened: 1aad8edb
2025-11-30 13:20:17,278 | INFO |    BUY_CE 26100 @ ₹146.45 | SL: ₹121.8 | TP1: ₹156.45
2025-11-30 13:20:17,278 | INFO | 💼 ENTRY: BUY_CE 26100
2025-11-30 13:20:17,278 | INFO |    Order ID: 1aad8edb
2025-11-30 13:20:17,278 | INFO |    Price: ₹146.45 | Qty: 75
2025-11-30 13:20:17,278 | INFO | ✅ ENTRY EXECUTED: BUY_CE @ ₹146.45 | SL: 121.80 | TP1: 156.45 | Slippage: 300s
2025-11-30 13:20:17,558 | INFO | 🎯 TP1 HIT! Order: 1aad8edb | BUY_CE 26100
2025-11-30 13:20:17,558 | INFO | 🔒 Trailing SL Updated: 1aad8edb
2025-11-30 13:20:17,558 | INFO |    BUY_CE 26100 | SL: ₹121.8 → ₹159.45
2025-11-30 13:20:17,558 | INFO | 💰 Position Closed: 1aad8edb
2025-11-30 13:20:17,559 | INFO |    BUY_CE 26100 | Exit: ₹159.45
2025-11-30 13:20:17,559 | INFO |    Reason: SL Hit | P&L: ₹975.00
2025-11-30 13:20:17,559 | INFO | 💰 EXIT: BUY_CE 26100
2025-11-30 13:20:17,559 | INFO |    Order ID: 1aad8edb
2025-11-30 13:20:17,560 | INFO |    Exit Price: ₹159.45 | Reason: SL Hit
2025-11-30 13:20:17,560 | INFO |    P&L: ₹975.00
2025-11-30 13:20:17,709 | INFO | 🚨 SIGNAL DETECTED: BUY_CE
2025-11-30 13:20:17,710 | INFO |    Time: 2025-11-20 10:45
2025-11-30 13:20:17,710 | INFO |    NIFTY: 26140.40 | EMA(21): 26097.77
2025-11-30 13:20:17,710 | INFO |    VI+ Prev: 1.0887 → Curr: 1.1030
2025-11-30 13:20:17,710 | INFO |    VI- Prev: 0.9038 → Curr: 0.8741
2025-11-30 13:20:17,710 | INFO |    Gap Prev: 0.1850 → Curr: 0.2289 | Widening: True
2025-11-30 13:20:17,711 | INFO | 🚥 HANDLING SIGNAL: BUY_CE
2025-11-30 13:20:17,711 | INFO | 📡 SIGNAL: BUY_CE @ 10:45:00
2025-11-30 13:20:17,711 | INFO |    Strike: 26100 | LTP: ₹161.3 | NIFTY: 26140.4
2025-11-30 13:20:17,711 | INFO | 📌 SIGNAL QUEUED: BUY_CE at 10:45 - Will execute at T+1
2025-11-30 13:20:17,779 | INFO | ✅ Position Opened: b421173c
2025-11-30 13:20:17,780 | INFO |    BUY_CE 26100 @ ₹162.0 | SL: ₹145.01 | TP1: ₹172.0
2025-11-30 13:20:17,780 | INFO | 💼 ENTRY: BUY_CE 26100
2025-11-30 13:20:17,780 | INFO |    Order ID: b421173c
2025-11-30 13:20:17,780 | INFO |    Price: ₹162.0 | Qty: 75
2025-11-30 13:20:17,781 | INFO | ✅ ENTRY EXECUTED: BUY_CE @ ₹162.00 | SL: 145.01 | TP1: 172.00 | Slippage: 300s
2025-11-30 13:20:19,096 | INFO | 🎯 TP1 HIT! Order: b421173c | BUY_CE 26100
2025-11-30 13:20:19,096 | INFO | 🔒 Trailing SL Updated: b421173c
2025-11-30 13:20:19,096 | INFO |    BUY_CE 26100 | SL: ₹145.01 → ₹175.0
2025-11-30 13:20:19,096 | INFO | 💰 Position Closed: b421173c
2025-11-30 13:20:19,097 | INFO |    BUY_CE 26100 | Exit: ₹175.0
2025-11-30 13:20:19,097 | INFO |    Reason: SL Hit | P&L: ₹975.00
2025-11-30 13:20:19,097 | INFO | 💰 EXIT: BUY_CE 26100
2025-11-30 13:20:19,097 | INFO |    Order ID: b421173c
2025-11-30 13:20:19,098 | INFO |    Exit Price: ₹175.0 | Reason: SL Hit
2025-11-30 13:20:19,098 | INFO |    P&L: ₹975.00
2025-11-30 13:20:19,465 | INFO | 🚨 SIGNAL DETECTED: BUY_CE
2025-11-30 13:20:19,466 | INFO |    Time: 2025-11-20 12:40
2025-11-30 13:20:19,466 | INFO |    NIFTY: 26170.35 | EMA(21): 26144.97
2025-11-30 13:20:19,466 | INFO |    VI+ Prev: 1.1203 → Curr: 1.1730
2025-11-30 13:20:19,466 | INFO |    VI- Prev: 0.8776 → Curr: 0.8293
2025-11-30 13:20:19,467 | INFO |    Gap Prev: 0.2427 → Curr: 0.3437 | Widening: True
2025-11-30 13:20:19,467 | INFO | 🚥 HANDLING SIGNAL: BUY_CE
2025-11-30 13:20:19,467 | INFO | 📡 SIGNAL: BUY_CE @ 12:40:00
2025-11-30 13:20:19,467 | INFO |    Strike: 26100 | LTP: ₹172.25 | NIFTY: 26170.35
2025-11-30 13:20:19,467 | INFO | 📌 SIGNAL QUEUED: BUY_CE at 12:40 - Will execute at T+1
2025-11-30 13:20:19,551 | INFO | ✅ Position Opened: 86f1f0d9
2025-11-30 13:20:19,551 | INFO |    BUY_CE 26100 @ ₹173.0 | SL: ₹157.84 | TP1: ₹183.0
2025-11-30 13:20:19,551 | INFO | 💼 ENTRY: BUY_CE 26100
2025-11-30 13:20:19,552 | INFO |    Order ID: 86f1f0d9
2025-11-30 13:20:19,552 | INFO |    Price: ₹173.0 | Qty: 75
2025-11-30 13:20:19,552 | INFO | ✅ ENTRY EXECUTED: BUY_CE @ ₹173.00 | SL: 157.84 | TP1: 183.00 | Slippage: 300s
2025-11-30 13:20:20,049 | INFO | 🎯 TP1 HIT! Order: 86f1f0d9 | BUY_CE 26100
2025-11-30 13:20:20,050 | INFO | 🔒 Trailing SL Updated: 86f1f0d9
2025-11-30 13:20:20,050 | INFO |    BUY_CE 26100 | SL: ₹157.84 → ₹186.0
2025-11-30 13:20:20,050 | INFO | 💰 Position Closed: 86f1f0d9
2025-11-30 13:20:20,050 | INFO |    BUY_CE 26100 | Exit: ₹186.0
2025-11-30 13:20:20,051 | INFO |    Reason: SL Hit | P&L: ₹975.00
2025-11-30 13:20:20,051 | INFO | 💰 EXIT: BUY_CE 26100
2025-11-30 13:20:20,051 | INFO |    Order ID: 86f1f0d9
2025-11-30 13:20:20,051 | INFO |    Exit Price: ₹186.0 | Reason: SL Hit
2025-11-30 13:20:20,051 | INFO |    P&L: ₹975.00
2025-11-30 13:20:20,179 | INFO | 🚨 SIGNAL DETECTED: BUY_CE
2025-11-30 13:20:20,180 | INFO |    Time: 2025-11-20 13:25
2025-11-30 13:20:20,180 | INFO |    NIFTY: 26203.25 | EMA(21): 26166.57
2025-11-30 13:20:20,180 | INFO |    VI+ Prev: 1.1434 → Curr: 1.2087
2025-11-30 13:20:20,180 | INFO |    VI- Prev: 0.8051 → Curr: 0.7495
2025-11-30 13:20:20,181 | INFO |    Gap Prev: 0.3383 → Curr: 0.4592 | Widening: True
2025-11-30 13:20:20,181 | INFO | 🚥 HANDLING SIGNAL: BUY_CE
2025-11-30 13:20:20,181 | INFO | 📡 SIGNAL: BUY_CE @ 13:25:00
2025-11-30 13:20:20,181 | INFO |    Strike: 26100 | LTP: ₹197.25 | NIFTY: 26203.25
2025-11-30 13:20:20,181 | INFO | 📌 SIGNAL QUEUED: BUY_CE at 13:25 - Will execute at T+1
2025-11-30 13:20:20,252 | INFO | ✅ Position Opened: d17e1a25
2025-11-30 13:20:20,252 | INFO |    BUY_CE 26100 @ ₹197.85 | SL: ₹180.04 | TP1: ₹207.85
2025-11-30 13:20:20,253 | INFO | 💼 ENTRY: BUY_CE 26100
2025-11-30 13:20:20,253 | INFO |    Order ID: d17e1a25
2025-11-30 13:20:20,253 | INFO |    Price: ₹197.85 | Qty: 75
2025-11-30 13:20:20,253 | INFO | ✅ ENTRY EXECUTED: BUY_CE @ ₹197.85 | SL: 180.04 | TP1: 207.85 | Slippage: 300s
2025-11-30 13:20:20,321 | INFO | 🎯 TP1 HIT! Order: d17e1a25 | BUY_CE 26100
2025-11-30 13:20:20,321 | INFO | 🔒 Trailing SL Updated: d17e1a25
2025-11-30 13:20:20,321 | INFO |    BUY_CE 26100 | SL: ₹180.04 → ₹210.85
2025-11-30 13:20:21,005 | INFO | 💰 Position Closed: d17e1a25
2025-11-30 13:20:21,005 | INFO |    BUY_CE 26100 | Exit: ₹210.85
2025-11-30 13:20:21,005 | INFO |    Reason: SL Hit | P&L: ₹975.00
2025-11-30 13:20:21,006 | INFO | 💰 EXIT: BUY_CE 26100
2025-11-30 13:20:21,006 | INFO |    Order ID: d17e1a25
2025-11-30 13:20:21,006 | INFO |    Exit Price: ₹210.85 | Reason: SL Hit
2025-11-30 13:20:21,006 | INFO |    P&L: ₹975.00
2025-11-30 13:20:21,248 | INFO | 🚨 SIGNAL DETECTED: BUY_CE
2025-11-30 13:20:21,248 | INFO |    Time: 2025-11-20 14:35
2025-11-30 13:20:21,249 | INFO |    NIFTY: 26218.70 | EMA(21): 26204.63
2025-11-30 13:20:21,249 | INFO |    VI+ Prev: 1.1049 → Curr: 1.1180
2025-11-30 13:20:21,249 | INFO |    VI- Prev: 0.8539 → Curr: 0.8376
2025-11-30 13:20:21,249 | INFO |    Gap Prev: 0.2510 → Curr: 0.2804 | Widening: True
2025-11-30 13:20:21,250 | INFO | 🚥 HANDLING SIGNAL: BUY_CE
2025-11-30 13:20:21,250 | INFO | 📡 SIGNAL: BUY_CE @ 14:35:00
2025-11-30 13:20:21,250 | INFO |    Strike: 26100 | LTP: ₹209.45 | NIFTY: 26218.7
2025-11-30 13:20:21,250 | INFO | 📌 SIGNAL QUEUED: BUY_CE at 14:35 - Will execute at T+1
2025-11-30 13:20:21,323 | INFO | ✅ Position Opened: dc70ec03
2025-11-30 13:20:21,324 | INFO |    BUY_CE 26100 @ ₹209.9 | SL: ₹183.42 | TP1: ₹219.9
2025-11-30 13:20:21,324 | INFO | 💼 ENTRY: BUY_CE 26100
2025-11-30 13:20:21,324 | INFO |    Order ID: dc70ec03
2025-11-30 13:20:21,325 | INFO |    Price: ₹209.9 | Qty: 75
2025-11-30 13:20:21,325 | INFO | ✅ ENTRY EXECUTED: BUY_CE @ ₹209.90 | SL: 183.42 | TP1: 219.90 | Slippage: 300s
2025-11-30 13:20:21,947 | INFO | ❌ Position Closed: dc70ec03
2025-11-30 13:20:21,947 | INFO |    BUY_CE 26100 | Exit: ₹200.4
2025-11-30 13:20:21,948 | INFO |    Reason: EOD Exit | P&L: ₹-712.50
2025-11-30 13:20:21,948 | INFO | ❌ EXIT: BUY_CE 26100
2025-11-30 13:20:21,948 | INFO |    Order ID: dc70ec03
2025-11-30 13:20:21,948 | INFO |    Exit Price: ₹200.4 | Reason: EOD Exit
2025-11-30 13:20:21,948 | INFO |    P&L: ₹-712.50
2025-11-30 13:20:21,951 | INFO | ✅ Mock simulation finished.
2025-11-30 13:20:21,971 | INFO | 
======================================================================
🔌 SHUTTING DOWN TRADING SESSION
======================================================================
2025-11-30 13:20:21,972 | INFO | 🔌 Disconnecting streamer...
2025-11-30 13:20:21,972 | INFO | ✅ Streamer disconnected.
2025-11-30 13:20:21,972 | INFO | 🔔 Forcing close of all open positions (EOD)...
2025-11-30 13:20:21,973 | INFO | ✅ All positions closed!
2025-11-30 13:20:21,973 | INFO | 
💾 Saving final logs...
2025-11-30 13:20:21,982 | INFO | ✅ Signals saved to: c:\Users\sakth\Desktop\VSCODE\Algo Baddu Trading API\Phase-4\trade_logs\signals_20251130.csv
2025-11-30 13:20:21,987 | INFO | ✅ Trades saved to: c:\Users\sakth\Desktop\VSCODE\Algo Baddu Trading API\Phase-4\trade_logs\trades_20251130.csv
2025-11-30 13:20:21,988 | INFO | ✅ Events saved to: c:\Users\sakth\Desktop\VSCODE\Algo Baddu Trading API\Phase-4\trade_logs\events_20251130.json
2025-11-30 13:20:21,990 | INFO | ✅ Summary saved to: c:\Users\sakth\Desktop\VSCODE\Algo Baddu Trading API\Phase-4\trade_logs\summary_20251130.txt
2025-11-30 13:20:21,990 | INFO | ✅ All logs saved successfully!
2025-11-30 13:20:21,990 | INFO | 
======================================================================
✅ SHUTDOWN COMPLETE!
======================================================================
2025-11-30 13:20:21,991 | INFO | Exited main trading loop.
